<?xml version="1.0" encoding="UTF-8" ?>
<!-- This is a WordPress eXtended RSS file generated by WordPress as an export of your site. -->
<!-- It contains information about your site's posts, pages, comments, categories, and other content. -->
<!-- You may use this file to transfer that content from one site to another. -->
<!-- This file is not intended to serve as a complete backup of your site. -->

<!-- To import this information into a WordPress site follow these steps: -->
<!-- 1. Log in to that site as an administrator. -->
<!-- 2. Go to Tools: Import in the WordPress admin panel. -->
<!-- 3. Install the "WordPress" importer from the list. -->
<!-- 4. Activate & Run Importer. -->
<!-- 5. Upload this file using the form provided on that page. -->
<!-- 6. You will first be asked to map the authors in this export file to users -->
<!--    on the site. For each author, you may choose to map to an -->
<!--    existing user on the site or to create a new user. -->
<!-- 7. WordPress will then import each of the posts, pages, comments, categories, etc. -->
<!--    contained in this file into your site. -->

<!-- generator="WordPress/3.8.1" created="2014-03-26 07:04" -->
<rss version="2.0"
	xmlns:excerpt="http://wordpress.org/export/1.2/excerpt/"
	xmlns:content="http://purl.org/rss/1.0/modules/content/"
	xmlns:wfw="http://wellformedweb.org/CommentAPI/"
	xmlns:dc="http://purl.org/dc/elements/1.1/"
	xmlns:wp="http://wordpress.org/export/1.2/"
>

<channel>
	<title>Welcome to my Bluehost SPOKE Portfolio</title>
	<link>http://spok-ed.com</link>
	<description>Be Seen, Be Heard</description>
	<pubDate>Wed, 26 Mar 2014 07:04:23 +0000</pubDate>
	<language>en-US</language>
	<wp:wxr_version>1.2</wp:wxr_version>
	<wp:base_site_url>http://spok-ed.com</wp:base_site_url>
	<wp:base_blog_url>http://spok-ed.com</wp:base_blog_url>

	<wp:author><wp:author_id>1</wp:author_id><wp:author_login>Vartan</wp:author_login><wp:author_email>vouzounian@bluehost.com</wp:author_email><wp:author_display_name><![CDATA[Vartan]]></wp:author_display_name><wp:author_first_name><![CDATA[]]></wp:author_first_name><wp:author_last_name><![CDATA[]]></wp:author_last_name></wp:author>
	<wp:author><wp:author_id>2</wp:author_id><wp:author_login>Bluehost SPOKE</wp:author_login><wp:author_email></wp:author_email><wp:author_display_name><![CDATA[Bluehost SPOKE]]></wp:author_display_name><wp:author_first_name><![CDATA[]]></wp:author_first_name><wp:author_last_name><![CDATA[]]></wp:author_last_name></wp:author>

	<wp:category><wp:term_id>2</wp:term_id><wp:category_nicename>projects</wp:category_nicename><wp:category_parent></wp:category_parent><wp:cat_name><![CDATA[Projects]]></wp:cat_name></wp:category>
	<wp:category><wp:term_id>3</wp:term_id><wp:category_nicename>reflections</wp:category_nicename><wp:category_parent></wp:category_parent><wp:cat_name><![CDATA[Reflections]]></wp:cat_name></wp:category>
	<wp:category><wp:term_id>1</wp:term_id><wp:category_nicename>uncategorized</wp:category_nicename><wp:category_parent></wp:category_parent><wp:cat_name><![CDATA[Uncategorized]]></wp:cat_name></wp:category>
	<wp:term><wp:term_id>4</wp:term_id><wp:term_taxonomy>nav_menu</wp:term_taxonomy><wp:term_slug>alternative-menu</wp:term_slug><wp:term_name><![CDATA[Alternative Menu]]></wp:term_name></wp:term>

	<generator>http://wordpress.org/?v=3.8.1</generator>

	<item>
				<title>qlstq08vetanopkir2nk7f0pj452677e2cbf0d2.jpg</title>
		<link>http://spok-ed.com/?attachment_id=5</link>
		<pubDate>Tue, 25 Mar 2014 22:57:59 +0000</pubDate>
		<dc:creator><![CDATA[Vartan]]></dc:creator>
		<guid isPermaLink="false">http://spok-ed.com/wp-content/uploads/revslider/home/qlstq08vetanopkir2nk7f0pj452677e2cbf0d2.jpg</guid>
		<description></description>
		<content:encoded><![CDATA[]]></content:encoded>
		<excerpt:encoded><![CDATA[]]></excerpt:encoded>
		<wp:post_id>5</wp:post_id>
		<wp:post_date>2014-03-25 22:57:59</wp:post_date>
		<wp:post_date_gmt>2014-03-25 22:57:59</wp:post_date_gmt>
		<wp:comment_status>closed</wp:comment_status>
		<wp:ping_status>closed</wp:ping_status>
		<wp:post_name>qlstq08vetanopkir2nk7f0pj452677e2cbf0d2-jpg</wp:post_name>
		<wp:status>inherit</wp:status>
		<wp:post_parent>0</wp:post_parent>
		<wp:menu_order>0</wp:menu_order>
		<wp:post_type>attachment</wp:post_type>
		<wp:post_password></wp:post_password>
		<wp:is_sticky>0</wp:is_sticky>
		<wp:attachment_url>http://spok-ed.com/wp-content/uploads/revslider/home/qlstq08vetanopkir2nk7f0pj452677e2cbf0d2.jpg</wp:attachment_url>
		<wp:postmeta>
			<wp:meta_key>_wp_attached_file</wp:meta_key>
			<wp:meta_value><![CDATA[revslider/home/qlstq08vetanopkir2nk7f0pj452677e2cbf0d2.jpg]]></wp:meta_value>
		</wp:postmeta>
		<wp:postmeta>
			<wp:meta_key>_wp_attachment_metadata</wp:meta_key>
			<wp:meta_value><![CDATA[a:5:{s:5:"width";i:1366;s:6:"height";i:768;s:4:"file";s:58:"revslider/home/qlstq08vetanopkir2nk7f0pj452677e2cbf0d2.jpg";s:5:"sizes";a:20:{s:9:"thumbnail";a:4:{s:4:"file";s:51:"qlstq08vetanopkir2nk7f0pj452677e2cbf0d2-150x150.jpg";s:5:"width";i:150;s:6:"height";i:150;s:9:"mime-type";s:10:"image/jpeg";}s:6:"medium";a:4:{s:4:"file";s:51:"qlstq08vetanopkir2nk7f0pj452677e2cbf0d2-300x168.jpg";s:5:"width";i:300;s:6:"height";i:168;s:9:"mime-type";s:10:"image/jpeg";}s:5:"large";a:4:{s:4:"file";s:52:"qlstq08vetanopkir2nk7f0pj452677e2cbf0d2-1024x575.jpg";s:5:"width";i:1024;s:6:"height";i:575;s:9:"mime-type";s:10:"image/jpeg";}s:14:"portfolio-list";a:4:{s:4:"file";s:51:"qlstq08vetanopkir2nk7f0pj452677e2cbf0d2-570x380.jpg";s:5:"width";i:570;s:6:"height";i:380;s:9:"mime-type";s:10:"image/jpeg";}s:18:"portfolio-list-3-2";a:4:{s:4:"file";s:51:"qlstq08vetanopkir2nk7f0pj452677e2cbf0d2-570x380.jpg";s:5:"width";i:570;s:6:"height";i:380;s:9:"mime-type";s:10:"image/jpeg";}s:18:"portfolio-list-4-3";a:4:{s:4:"file";s:51:"qlstq08vetanopkir2nk7f0pj452677e2cbf0d2-570x428.jpg";s:5:"width";i:570;s:6:"height";i:428;s:9:"mime-type";s:10:"image/jpeg";}s:18:"portfolio-list-1-1";a:4:{s:4:"file";s:51:"qlstq08vetanopkir2nk7f0pj452677e2cbf0d2-570x570.jpg";s:5:"width";i:570;s:6:"height";i:570;s:9:"mime-type";s:10:"image/jpeg";}s:18:"portfolio-list-2-3";a:4:{s:4:"file";s:51:"qlstq08vetanopkir2nk7f0pj452677e2cbf0d2-380x570.jpg";s:5:"width";i:380;s:6:"height";i:570;s:9:"mime-type";s:10:"image/jpeg";}s:18:"portfolio-list-3-4";a:4:{s:4:"file";s:51:"qlstq08vetanopkir2nk7f0pj452677e2cbf0d2-428x570.jpg";s:5:"width";i:428;s:6:"height";i:570;s:9:"mime-type";s:10:"image/jpeg";}s:10:"blog-small";a:4:{s:4:"file";s:51:"qlstq08vetanopkir2nk7f0pj452677e2cbf0d2-350x350.jpg";s:5:"width";i:350;s:6:"height";i:350;s:9:"mime-type";s:10:"image/jpeg";}s:9:"blog-grid";a:4:{s:4:"file";s:51:"qlstq08vetanopkir2nk7f0pj452677e2cbf0d2-500x281.jpg";s:5:"width";i:500;s:6:"height";i:281;s:9:"mime-type";s:10:"image/jpeg";}s:10:"blog-large";a:4:{s:4:"file";s:52:"qlstq08vetanopkir2nk7f0pj452677e2cbf0d2-1140x600.jpg";s:5:"width";i:1140;s:6:"height";i:600;s:9:"mime-type";s:10:"image/jpeg";}s:14:"carousel-thumb";a:4:{s:4:"file";s:51:"qlstq08vetanopkir2nk7f0pj452677e2cbf0d2-200x112.jpg";s:5:"width";i:200;s:6:"height";i:112;s:9:"mime-type";s:10:"image/jpeg";}s:10:"gallery-xs";a:4:{s:4:"file";s:51:"qlstq08vetanopkir2nk7f0pj452677e2cbf0d2-114x114.jpg";s:5:"width";i:114;s:6:"height";i:114;s:9:"mime-type";s:10:"image/jpeg";}s:9:"gallery-s";a:4:{s:4:"file";s:51:"qlstq08vetanopkir2nk7f0pj452677e2cbf0d2-190x190.jpg";s:5:"width";i:190;s:6:"height";i:190;s:9:"mime-type";s:10:"image/jpeg";}s:9:"gallery-m";a:4:{s:4:"file";s:51:"qlstq08vetanopkir2nk7f0pj452677e2cbf0d2-228x228.jpg";s:5:"width";i:228;s:6:"height";i:228;s:9:"mime-type";s:10:"image/jpeg";}s:9:"gallery-l";a:4:{s:4:"file";s:51:"qlstq08vetanopkir2nk7f0pj452677e2cbf0d2-285x285.jpg";s:5:"width";i:285;s:6:"height";i:285;s:9:"mime-type";s:10:"image/jpeg";}s:15:"gallery-masonry";a:4:{s:4:"file";s:51:"qlstq08vetanopkir2nk7f0pj452677e2cbf0d2-500x281.jpg";s:5:"width";i:500;s:6:"height";i:281;s:9:"mime-type";s:10:"image/jpeg";}s:6:"member";a:4:{s:4:"file";s:51:"qlstq08vetanopkir2nk7f0pj452677e2cbf0d2-350x350.jpg";s:5:"width";i:350;s:6:"height";i:350;s:9:"mime-type";s:10:"image/jpeg";}s:7:"blog-bg";a:4:{s:4:"file";s:51:"qlstq08vetanopkir2nk7f0pj452677e2cbf0d2-677x381.jpg";s:5:"width";i:677;s:6:"height";i:381;s:9:"mime-type";s:10:"image/jpeg";}}s:10:"image_meta";a:10:{s:8:"aperture";i:0;s:6:"credit";s:0:"";s:6:"camera";s:0:"";s:7:"caption";s:0:"";s:17:"created_timestamp";i:0;s:9:"copyright";s:0:"";s:12:"focal_length";i:0;s:3:"iso";i:0;s:13:"shutter_speed";i:0;s:5:"title";s:0:"";}}]]></wp:meta_value>
		</wp:postmeta>
	</item>
	<item>
				<title>Lighthouse.jpg</title>
		<link>http://spok-ed.com/?attachment_id=6</link>
		<pubDate>Tue, 25 Mar 2014 22:58:01 +0000</pubDate>
		<dc:creator><![CDATA[Vartan]]></dc:creator>
		<guid isPermaLink="false">http://spok-ed.com/wp-content/uploads/revslider/home/Lighthouse.jpg</guid>
		<description></description>
		<content:encoded><![CDATA[]]></content:encoded>
		<excerpt:encoded><![CDATA[]]></excerpt:encoded>
		<wp:post_id>6</wp:post_id>
		<wp:post_date>2014-03-25 22:58:01</wp:post_date>
		<wp:post_date_gmt>2014-03-25 22:58:01</wp:post_date_gmt>
		<wp:comment_status>closed</wp:comment_status>
		<wp:ping_status>closed</wp:ping_status>
		<wp:post_name>lighthouse-jpg</wp:post_name>
		<wp:status>inherit</wp:status>
		<wp:post_parent>0</wp:post_parent>
		<wp:menu_order>0</wp:menu_order>
		<wp:post_type>attachment</wp:post_type>
		<wp:post_password></wp:post_password>
		<wp:is_sticky>0</wp:is_sticky>
		<wp:attachment_url>http://spok-ed.com/wp-content/uploads/revslider/home/Lighthouse.jpg</wp:attachment_url>
		<wp:postmeta>
			<wp:meta_key>_wp_attached_file</wp:meta_key>
			<wp:meta_value><![CDATA[revslider/home/Lighthouse.jpg]]></wp:meta_value>
		</wp:postmeta>
		<wp:postmeta>
			<wp:meta_key>_wp_attachment_metadata</wp:meta_key>
			<wp:meta_value><![CDATA[a:5:{s:5:"width";i:600;s:6:"height";i:450;s:4:"file";s:29:"revslider/home/Lighthouse.jpg";s:5:"sizes";a:18:{s:9:"thumbnail";a:4:{s:4:"file";s:22:"Lighthouse-150x150.jpg";s:5:"width";i:150;s:6:"height";i:150;s:9:"mime-type";s:10:"image/jpeg";}s:6:"medium";a:4:{s:4:"file";s:22:"Lighthouse-300x225.jpg";s:5:"width";i:300;s:6:"height";i:225;s:9:"mime-type";s:10:"image/jpeg";}s:14:"portfolio-list";a:4:{s:4:"file";s:22:"Lighthouse-570x380.jpg";s:5:"width";i:570;s:6:"height";i:380;s:9:"mime-type";s:10:"image/jpeg";}s:18:"portfolio-list-3-2";a:4:{s:4:"file";s:22:"Lighthouse-570x380.jpg";s:5:"width";i:570;s:6:"height";i:380;s:9:"mime-type";s:10:"image/jpeg";}s:18:"portfolio-list-4-3";a:4:{s:4:"file";s:22:"Lighthouse-570x428.jpg";s:5:"width";i:570;s:6:"height";i:428;s:9:"mime-type";s:10:"image/jpeg";}s:18:"portfolio-list-1-1";a:4:{s:4:"file";s:22:"Lighthouse-570x450.jpg";s:5:"width";i:570;s:6:"height";i:450;s:9:"mime-type";s:10:"image/jpeg";}s:18:"portfolio-list-2-3";a:4:{s:4:"file";s:22:"Lighthouse-380x450.jpg";s:5:"width";i:380;s:6:"height";i:450;s:9:"mime-type";s:10:"image/jpeg";}s:18:"portfolio-list-3-4";a:4:{s:4:"file";s:22:"Lighthouse-428x450.jpg";s:5:"width";i:428;s:6:"height";i:450;s:9:"mime-type";s:10:"image/jpeg";}s:10:"blog-small";a:4:{s:4:"file";s:22:"Lighthouse-350x350.jpg";s:5:"width";i:350;s:6:"height";i:350;s:9:"mime-type";s:10:"image/jpeg";}s:9:"blog-grid";a:4:{s:4:"file";s:22:"Lighthouse-500x375.jpg";s:5:"width";i:500;s:6:"height";i:375;s:9:"mime-type";s:10:"image/jpeg";}s:14:"carousel-thumb";a:4:{s:4:"file";s:22:"Lighthouse-177x133.jpg";s:5:"width";i:177;s:6:"height";i:133;s:9:"mime-type";s:10:"image/jpeg";}s:10:"gallery-xs";a:4:{s:4:"file";s:22:"Lighthouse-114x114.jpg";s:5:"width";i:114;s:6:"height";i:114;s:9:"mime-type";s:10:"image/jpeg";}s:9:"gallery-s";a:4:{s:4:"file";s:22:"Lighthouse-190x190.jpg";s:5:"width";i:190;s:6:"height";i:190;s:9:"mime-type";s:10:"image/jpeg";}s:9:"gallery-m";a:4:{s:4:"file";s:22:"Lighthouse-228x228.jpg";s:5:"width";i:228;s:6:"height";i:228;s:9:"mime-type";s:10:"image/jpeg";}s:9:"gallery-l";a:4:{s:4:"file";s:22:"Lighthouse-285x285.jpg";s:5:"width";i:285;s:6:"height";i:285;s:9:"mime-type";s:10:"image/jpeg";}s:15:"gallery-masonry";a:4:{s:4:"file";s:22:"Lighthouse-500x375.jpg";s:5:"width";i:500;s:6:"height";i:375;s:9:"mime-type";s:10:"image/jpeg";}s:6:"member";a:4:{s:4:"file";s:22:"Lighthouse-350x350.jpg";s:5:"width";i:350;s:6:"height";i:350;s:9:"mime-type";s:10:"image/jpeg";}s:7:"blog-bg";a:4:{s:4:"file";s:22:"Lighthouse-508x381.jpg";s:5:"width";i:508;s:6:"height";i:381;s:9:"mime-type";s:10:"image/jpeg";}}s:10:"image_meta";a:10:{s:8:"aperture";i:0;s:6:"credit";s:0:"";s:6:"camera";s:0:"";s:7:"caption";s:0:"";s:17:"created_timestamp";i:0;s:9:"copyright";s:0:"";s:12:"focal_length";i:0;s:3:"iso";i:0;s:13:"shutter_speed";i:0;s:5:"title";s:0:"";}}]]></wp:meta_value>
		</wp:postmeta>
	</item>
	<item>
				<title>Penguins.jpg</title>
		<link>http://spok-ed.com/?attachment_id=7</link>
		<pubDate>Tue, 25 Mar 2014 22:58:02 +0000</pubDate>
		<dc:creator><![CDATA[Vartan]]></dc:creator>
		<guid isPermaLink="false">http://spok-ed.com/wp-content/uploads/revslider/home/Penguins.jpg</guid>
		<description></description>
		<content:encoded><![CDATA[]]></content:encoded>
		<excerpt:encoded><![CDATA[]]></excerpt:encoded>
		<wp:post_id>7</wp:post_id>
		<wp:post_date>2014-03-25 22:58:02</wp:post_date>
		<wp:post_date_gmt>2014-03-25 22:58:02</wp:post_date_gmt>
		<wp:comment_status>closed</wp:comment_status>
		<wp:ping_status>closed</wp:ping_status>
		<wp:post_name>penguins-jpg</wp:post_name>
		<wp:status>inherit</wp:status>
		<wp:post_parent>0</wp:post_parent>
		<wp:menu_order>0</wp:menu_order>
		<wp:post_type>attachment</wp:post_type>
		<wp:post_password></wp:post_password>
		<wp:is_sticky>0</wp:is_sticky>
		<wp:attachment_url>http://spok-ed.com/wp-content/uploads/revslider/home/Penguins.jpg</wp:attachment_url>
		<wp:postmeta>
			<wp:meta_key>_wp_attached_file</wp:meta_key>
			<wp:meta_value><![CDATA[revslider/home/Penguins.jpg]]></wp:meta_value>
		</wp:postmeta>
		<wp:postmeta>
			<wp:meta_key>_wp_attachment_metadata</wp:meta_key>
			<wp:meta_value><![CDATA[a:5:{s:5:"width";i:600;s:6:"height";i:450;s:4:"file";s:27:"revslider/home/Penguins.jpg";s:5:"sizes";a:18:{s:9:"thumbnail";a:4:{s:4:"file";s:20:"Penguins-150x150.jpg";s:5:"width";i:150;s:6:"height";i:150;s:9:"mime-type";s:10:"image/jpeg";}s:6:"medium";a:4:{s:4:"file";s:20:"Penguins-300x225.jpg";s:5:"width";i:300;s:6:"height";i:225;s:9:"mime-type";s:10:"image/jpeg";}s:14:"portfolio-list";a:4:{s:4:"file";s:20:"Penguins-570x380.jpg";s:5:"width";i:570;s:6:"height";i:380;s:9:"mime-type";s:10:"image/jpeg";}s:18:"portfolio-list-3-2";a:4:{s:4:"file";s:20:"Penguins-570x380.jpg";s:5:"width";i:570;s:6:"height";i:380;s:9:"mime-type";s:10:"image/jpeg";}s:18:"portfolio-list-4-3";a:4:{s:4:"file";s:20:"Penguins-570x428.jpg";s:5:"width";i:570;s:6:"height";i:428;s:9:"mime-type";s:10:"image/jpeg";}s:18:"portfolio-list-1-1";a:4:{s:4:"file";s:20:"Penguins-570x450.jpg";s:5:"width";i:570;s:6:"height";i:450;s:9:"mime-type";s:10:"image/jpeg";}s:18:"portfolio-list-2-3";a:4:{s:4:"file";s:20:"Penguins-380x450.jpg";s:5:"width";i:380;s:6:"height";i:450;s:9:"mime-type";s:10:"image/jpeg";}s:18:"portfolio-list-3-4";a:4:{s:4:"file";s:20:"Penguins-428x450.jpg";s:5:"width";i:428;s:6:"height";i:450;s:9:"mime-type";s:10:"image/jpeg";}s:10:"blog-small";a:4:{s:4:"file";s:20:"Penguins-350x350.jpg";s:5:"width";i:350;s:6:"height";i:350;s:9:"mime-type";s:10:"image/jpeg";}s:9:"blog-grid";a:4:{s:4:"file";s:20:"Penguins-500x375.jpg";s:5:"width";i:500;s:6:"height";i:375;s:9:"mime-type";s:10:"image/jpeg";}s:14:"carousel-thumb";a:4:{s:4:"file";s:20:"Penguins-177x133.jpg";s:5:"width";i:177;s:6:"height";i:133;s:9:"mime-type";s:10:"image/jpeg";}s:10:"gallery-xs";a:4:{s:4:"file";s:20:"Penguins-114x114.jpg";s:5:"width";i:114;s:6:"height";i:114;s:9:"mime-type";s:10:"image/jpeg";}s:9:"gallery-s";a:4:{s:4:"file";s:20:"Penguins-190x190.jpg";s:5:"width";i:190;s:6:"height";i:190;s:9:"mime-type";s:10:"image/jpeg";}s:9:"gallery-m";a:4:{s:4:"file";s:20:"Penguins-228x228.jpg";s:5:"width";i:228;s:6:"height";i:228;s:9:"mime-type";s:10:"image/jpeg";}s:9:"gallery-l";a:4:{s:4:"file";s:20:"Penguins-285x285.jpg";s:5:"width";i:285;s:6:"height";i:285;s:9:"mime-type";s:10:"image/jpeg";}s:15:"gallery-masonry";a:4:{s:4:"file";s:20:"Penguins-500x375.jpg";s:5:"width";i:500;s:6:"height";i:375;s:9:"mime-type";s:10:"image/jpeg";}s:6:"member";a:4:{s:4:"file";s:20:"Penguins-350x350.jpg";s:5:"width";i:350;s:6:"height";i:350;s:9:"mime-type";s:10:"image/jpeg";}s:7:"blog-bg";a:4:{s:4:"file";s:20:"Penguins-508x381.jpg";s:5:"width";i:508;s:6:"height";i:381;s:9:"mime-type";s:10:"image/jpeg";}}s:10:"image_meta";a:10:{s:8:"aperture";i:0;s:6:"credit";s:0:"";s:6:"camera";s:0:"";s:7:"caption";s:0:"";s:17:"created_timestamp";i:0;s:9:"copyright";s:0:"";s:12:"focal_length";i:0;s:3:"iso";i:0;s:13:"shutter_speed";i:0;s:5:"title";s:0:"";}}]]></wp:meta_value>
		</wp:postmeta>
	</item>
	
	<item>
				<title>IMG_1560</title>
		<link>http://spok-ed.com/?attachment_id=304</link>
		<pubDate>Tue, 25 Mar 2014 23:38:58 +0000</pubDate>
		<dc:creator><![CDATA[Vartan]]></dc:creator>
		<guid isPermaLink="false">http://spok-ed.com/wp-content/uploads/2013/11/IMG_1560.jpg</guid>
		<description></description>
		<content:encoded><![CDATA[]]></content:encoded>
		<excerpt:encoded><![CDATA[]]></excerpt:encoded>
		<wp:post_id>304</wp:post_id>
		<wp:post_date>2014-03-25 23:38:58</wp:post_date>
		<wp:post_date_gmt>2014-03-25 23:38:58</wp:post_date_gmt>
		<wp:comment_status>open</wp:comment_status>
		<wp:ping_status>open</wp:ping_status>
		<wp:post_name>img_1560</wp:post_name>
		<wp:status>inherit</wp:status>
		<wp:post_parent>9</wp:post_parent>
		<wp:menu_order>0</wp:menu_order>
		<wp:post_type>attachment</wp:post_type>
		<wp:post_password></wp:post_password>
		<wp:is_sticky>0</wp:is_sticky>
		<wp:attachment_url>http://spok-ed.com/wp-content/uploads/2013/11/IMG_1560.jpg</wp:attachment_url>
		<wp:postmeta>
			<wp:meta_key>_wp_attached_file</wp:meta_key>
			<wp:meta_value><![CDATA[2013/11/IMG_1560.jpg]]></wp:meta_value>
		</wp:postmeta>
		<wp:postmeta>
			<wp:meta_key>_wp_attachment_metadata</wp:meta_key>
			<wp:meta_value><![CDATA[a:5:{s:5:"width";i:3264;s:6:"height";i:2448;s:4:"file";s:20:"2013/11/IMG_1560.jpg";s:5:"sizes";a:20:{s:9:"thumbnail";a:4:{s:4:"file";s:20:"IMG_1560-150x150.jpg";s:5:"width";i:150;s:6:"height";i:150;s:9:"mime-type";s:10:"image/jpeg";}s:6:"medium";a:4:{s:4:"file";s:20:"IMG_1560-300x225.jpg";s:5:"width";i:300;s:6:"height";i:225;s:9:"mime-type";s:10:"image/jpeg";}s:5:"large";a:4:{s:4:"file";s:21:"IMG_1560-1024x768.jpg";s:5:"width";i:1024;s:6:"height";i:768;s:9:"mime-type";s:10:"image/jpeg";}s:14:"portfolio-list";a:4:{s:4:"file";s:20:"IMG_1560-570x380.jpg";s:5:"width";i:570;s:6:"height";i:380;s:9:"mime-type";s:10:"image/jpeg";}s:18:"portfolio-list-3-2";a:4:{s:4:"file";s:20:"IMG_1560-570x380.jpg";s:5:"width";i:570;s:6:"height";i:380;s:9:"mime-type";s:10:"image/jpeg";}s:18:"portfolio-list-4-3";a:4:{s:4:"file";s:20:"IMG_1560-570x428.jpg";s:5:"width";i:570;s:6:"height";i:428;s:9:"mime-type";s:10:"image/jpeg";}s:18:"portfolio-list-1-1";a:4:{s:4:"file";s:20:"IMG_1560-570x570.jpg";s:5:"width";i:570;s:6:"height";i:570;s:9:"mime-type";s:10:"image/jpeg";}s:18:"portfolio-list-2-3";a:4:{s:4:"file";s:20:"IMG_1560-380x570.jpg";s:5:"width";i:380;s:6:"height";i:570;s:9:"mime-type";s:10:"image/jpeg";}s:18:"portfolio-list-3-4";a:4:{s:4:"file";s:20:"IMG_1560-428x570.jpg";s:5:"width";i:428;s:6:"height";i:570;s:9:"mime-type";s:10:"image/jpeg";}s:10:"blog-small";a:4:{s:4:"file";s:20:"IMG_1560-350x350.jpg";s:5:"width";i:350;s:6:"height";i:350;s:9:"mime-type";s:10:"image/jpeg";}s:9:"blog-grid";a:4:{s:4:"file";s:20:"IMG_1560-500x375.jpg";s:5:"width";i:500;s:6:"height";i:375;s:9:"mime-type";s:10:"image/jpeg";}s:10:"blog-large";a:4:{s:4:"file";s:21:"IMG_1560-1140x600.jpg";s:5:"width";i:1140;s:6:"height";i:600;s:9:"mime-type";s:10:"image/jpeg";}s:14:"carousel-thumb";a:4:{s:4:"file";s:20:"IMG_1560-177x133.jpg";s:5:"width";i:177;s:6:"height";i:133;s:9:"mime-type";s:10:"image/jpeg";}s:10:"gallery-xs";a:4:{s:4:"file";s:20:"IMG_1560-114x114.jpg";s:5:"width";i:114;s:6:"height";i:114;s:9:"mime-type";s:10:"image/jpeg";}s:9:"gallery-s";a:4:{s:4:"file";s:20:"IMG_1560-190x190.jpg";s:5:"width";i:190;s:6:"height";i:190;s:9:"mime-type";s:10:"image/jpeg";}s:9:"gallery-m";a:4:{s:4:"file";s:20:"IMG_1560-228x228.jpg";s:5:"width";i:228;s:6:"height";i:228;s:9:"mime-type";s:10:"image/jpeg";}s:9:"gallery-l";a:4:{s:4:"file";s:20:"IMG_1560-285x285.jpg";s:5:"width";i:285;s:6:"height";i:285;s:9:"mime-type";s:10:"image/jpeg";}s:15:"gallery-masonry";a:4:{s:4:"file";s:20:"IMG_1560-500x375.jpg";s:5:"width";i:500;s:6:"height";i:375;s:9:"mime-type";s:10:"image/jpeg";}s:6:"member";a:4:{s:4:"file";s:20:"IMG_1560-350x350.jpg";s:5:"width";i:350;s:6:"height";i:350;s:9:"mime-type";s:10:"image/jpeg";}s:7:"blog-bg";a:4:{s:4:"file";s:20:"IMG_1560-508x381.jpg";s:5:"width";i:508;s:6:"height";i:381;s:9:"mime-type";s:10:"image/jpeg";}}s:10:"image_meta";a:10:{s:8:"aperture";d:2.399999999999999911182158029987476766109466552734375;s:6:"credit";s:0:"";s:6:"camera";s:9:"iPhone 4S";s:7:"caption";s:0:"";s:17:"created_timestamp";i:1395768199;s:9:"copyright";s:0:"";s:12:"focal_length";s:4:"4.28";s:3:"iso";s:3:"125";s:13:"shutter_speed";s:4:"0.05";s:5:"title";s:0:"";}}]]></wp:meta_value>
		</wp:postmeta>
	</item>
	<item>
				<title>IMG_1558</title>
		<link>http://spok-ed.com/?attachment_id=305</link>
		<pubDate>Tue, 25 Mar 2014 23:39:10 +0000</pubDate>
		<dc:creator><![CDATA[Vartan]]></dc:creator>
		<guid isPermaLink="false">http://spok-ed.com/wp-content/uploads/2013/11/IMG_1558.jpg</guid>
		<description></description>
		<content:encoded><![CDATA[]]></content:encoded>
		<excerpt:encoded><![CDATA[]]></excerpt:encoded>
		<wp:post_id>305</wp:post_id>
		<wp:post_date>2014-03-25 23:39:10</wp:post_date>
		<wp:post_date_gmt>2014-03-25 23:39:10</wp:post_date_gmt>
		<wp:comment_status>open</wp:comment_status>
		<wp:ping_status>open</wp:ping_status>
		<wp:post_name>img_1558</wp:post_name>
		<wp:status>inherit</wp:status>
		<wp:post_parent>9</wp:post_parent>
		<wp:menu_order>0</wp:menu_order>
		<wp:post_type>attachment</wp:post_type>
		<wp:post_password></wp:post_password>
		<wp:is_sticky>0</wp:is_sticky>
		<wp:attachment_url>http://spok-ed.com/wp-content/uploads/2013/11/IMG_1558.jpg</wp:attachment_url>
		<wp:postmeta>
			<wp:meta_key>_wp_attached_file</wp:meta_key>
			<wp:meta_value><![CDATA[2013/11/IMG_1558.jpg]]></wp:meta_value>
		</wp:postmeta>
		<wp:postmeta>
			<wp:meta_key>_wp_attachment_metadata</wp:meta_key>
			<wp:meta_value><![CDATA[a:5:{s:5:"width";i:3264;s:6:"height";i:2448;s:4:"file";s:20:"2013/11/IMG_1558.jpg";s:5:"sizes";a:20:{s:9:"thumbnail";a:4:{s:4:"file";s:20:"IMG_1558-150x150.jpg";s:5:"width";i:150;s:6:"height";i:150;s:9:"mime-type";s:10:"image/jpeg";}s:6:"medium";a:4:{s:4:"file";s:20:"IMG_1558-300x225.jpg";s:5:"width";i:300;s:6:"height";i:225;s:9:"mime-type";s:10:"image/jpeg";}s:5:"large";a:4:{s:4:"file";s:21:"IMG_1558-1024x768.jpg";s:5:"width";i:1024;s:6:"height";i:768;s:9:"mime-type";s:10:"image/jpeg";}s:14:"portfolio-list";a:4:{s:4:"file";s:20:"IMG_1558-570x380.jpg";s:5:"width";i:570;s:6:"height";i:380;s:9:"mime-type";s:10:"image/jpeg";}s:18:"portfolio-list-3-2";a:4:{s:4:"file";s:20:"IMG_1558-570x380.jpg";s:5:"width";i:570;s:6:"height";i:380;s:9:"mime-type";s:10:"image/jpeg";}s:18:"portfolio-list-4-3";a:4:{s:4:"file";s:20:"IMG_1558-570x428.jpg";s:5:"width";i:570;s:6:"height";i:428;s:9:"mime-type";s:10:"image/jpeg";}s:18:"portfolio-list-1-1";a:4:{s:4:"file";s:20:"IMG_1558-570x570.jpg";s:5:"width";i:570;s:6:"height";i:570;s:9:"mime-type";s:10:"image/jpeg";}s:18:"portfolio-list-2-3";a:4:{s:4:"file";s:20:"IMG_1558-380x570.jpg";s:5:"width";i:380;s:6:"height";i:570;s:9:"mime-type";s:10:"image/jpeg";}s:18:"portfolio-list-3-4";a:4:{s:4:"file";s:20:"IMG_1558-428x570.jpg";s:5:"width";i:428;s:6:"height";i:570;s:9:"mime-type";s:10:"image/jpeg";}s:10:"blog-small";a:4:{s:4:"file";s:20:"IMG_1558-350x350.jpg";s:5:"width";i:350;s:6:"height";i:350;s:9:"mime-type";s:10:"image/jpeg";}s:9:"blog-grid";a:4:{s:4:"file";s:20:"IMG_1558-500x375.jpg";s:5:"width";i:500;s:6:"height";i:375;s:9:"mime-type";s:10:"image/jpeg";}s:10:"blog-large";a:4:{s:4:"file";s:21:"IMG_1558-1140x600.jpg";s:5:"width";i:1140;s:6:"height";i:600;s:9:"mime-type";s:10:"image/jpeg";}s:14:"carousel-thumb";a:4:{s:4:"file";s:20:"IMG_1558-177x133.jpg";s:5:"width";i:177;s:6:"height";i:133;s:9:"mime-type";s:10:"image/jpeg";}s:10:"gallery-xs";a:4:{s:4:"file";s:20:"IMG_1558-114x114.jpg";s:5:"width";i:114;s:6:"height";i:114;s:9:"mime-type";s:10:"image/jpeg";}s:9:"gallery-s";a:4:{s:4:"file";s:20:"IMG_1558-190x190.jpg";s:5:"width";i:190;s:6:"height";i:190;s:9:"mime-type";s:10:"image/jpeg";}s:9:"gallery-m";a:4:{s:4:"file";s:20:"IMG_1558-228x228.jpg";s:5:"width";i:228;s:6:"height";i:228;s:9:"mime-type";s:10:"image/jpeg";}s:9:"gallery-l";a:4:{s:4:"file";s:20:"IMG_1558-285x285.jpg";s:5:"width";i:285;s:6:"height";i:285;s:9:"mime-type";s:10:"image/jpeg";}s:15:"gallery-masonry";a:4:{s:4:"file";s:20:"IMG_1558-500x375.jpg";s:5:"width";i:500;s:6:"height";i:375;s:9:"mime-type";s:10:"image/jpeg";}s:6:"member";a:4:{s:4:"file";s:20:"IMG_1558-350x350.jpg";s:5:"width";i:350;s:6:"height";i:350;s:9:"mime-type";s:10:"image/jpeg";}s:7:"blog-bg";a:4:{s:4:"file";s:20:"IMG_1558-508x381.jpg";s:5:"width";i:508;s:6:"height";i:381;s:9:"mime-type";s:10:"image/jpeg";}}s:10:"image_meta";a:10:{s:8:"aperture";d:2.399999999999999911182158029987476766109466552734375;s:6:"credit";s:0:"";s:6:"camera";s:9:"iPhone 4S";s:7:"caption";s:0:"";s:17:"created_timestamp";i:1395768168;s:9:"copyright";s:0:"";s:12:"focal_length";s:4:"4.28";s:3:"iso";s:2:"80";s:13:"shutter_speed";s:4:"0.05";s:5:"title";s:0:"";}}]]></wp:meta_value>
		</wp:postmeta>
	</item>
	<item>
				<title>IMG_1555</title>
		<link>http://spok-ed.com/?attachment_id=306</link>
		<pubDate>Tue, 25 Mar 2014 23:39:24 +0000</pubDate>
		<dc:creator><![CDATA[Vartan]]></dc:creator>
		<guid isPermaLink="false">http://spok-ed.com/wp-content/uploads/2013/11/IMG_1555.jpg</guid>
		<description></description>
		<content:encoded><![CDATA[]]></content:encoded>
		<excerpt:encoded><![CDATA[]]></excerpt:encoded>
		<wp:post_id>306</wp:post_id>
		<wp:post_date>2014-03-25 23:39:24</wp:post_date>
		<wp:post_date_gmt>2014-03-25 23:39:24</wp:post_date_gmt>
		<wp:comment_status>open</wp:comment_status>
		<wp:ping_status>open</wp:ping_status>
		<wp:post_name>img_1555</wp:post_name>
		<wp:status>inherit</wp:status>
		<wp:post_parent>9</wp:post_parent>
		<wp:menu_order>0</wp:menu_order>
		<wp:post_type>attachment</wp:post_type>
		<wp:post_password></wp:post_password>
		<wp:is_sticky>0</wp:is_sticky>
		<wp:attachment_url>http://spok-ed.com/wp-content/uploads/2013/11/IMG_1555.jpg</wp:attachment_url>
		<wp:postmeta>
			<wp:meta_key>_wp_attached_file</wp:meta_key>
			<wp:meta_value><![CDATA[2013/11/IMG_1555.jpg]]></wp:meta_value>
		</wp:postmeta>
		<wp:postmeta>
			<wp:meta_key>_wp_attachment_metadata</wp:meta_key>
			<wp:meta_value><![CDATA[a:5:{s:5:"width";i:3264;s:6:"height";i:2448;s:4:"file";s:20:"2013/11/IMG_1555.jpg";s:5:"sizes";a:20:{s:9:"thumbnail";a:4:{s:4:"file";s:20:"IMG_1555-150x150.jpg";s:5:"width";i:150;s:6:"height";i:150;s:9:"mime-type";s:10:"image/jpeg";}s:6:"medium";a:4:{s:4:"file";s:20:"IMG_1555-300x225.jpg";s:5:"width";i:300;s:6:"height";i:225;s:9:"mime-type";s:10:"image/jpeg";}s:5:"large";a:4:{s:4:"file";s:21:"IMG_1555-1024x768.jpg";s:5:"width";i:1024;s:6:"height";i:768;s:9:"mime-type";s:10:"image/jpeg";}s:14:"portfolio-list";a:4:{s:4:"file";s:20:"IMG_1555-570x380.jpg";s:5:"width";i:570;s:6:"height";i:380;s:9:"mime-type";s:10:"image/jpeg";}s:18:"portfolio-list-3-2";a:4:{s:4:"file";s:20:"IMG_1555-570x380.jpg";s:5:"width";i:570;s:6:"height";i:380;s:9:"mime-type";s:10:"image/jpeg";}s:18:"portfolio-list-4-3";a:4:{s:4:"file";s:20:"IMG_1555-570x428.jpg";s:5:"width";i:570;s:6:"height";i:428;s:9:"mime-type";s:10:"image/jpeg";}s:18:"portfolio-list-1-1";a:4:{s:4:"file";s:20:"IMG_1555-570x570.jpg";s:5:"width";i:570;s:6:"height";i:570;s:9:"mime-type";s:10:"image/jpeg";}s:18:"portfolio-list-2-3";a:4:{s:4:"file";s:20:"IMG_1555-380x570.jpg";s:5:"width";i:380;s:6:"height";i:570;s:9:"mime-type";s:10:"image/jpeg";}s:18:"portfolio-list-3-4";a:4:{s:4:"file";s:20:"IMG_1555-428x570.jpg";s:5:"width";i:428;s:6:"height";i:570;s:9:"mime-type";s:10:"image/jpeg";}s:10:"blog-small";a:4:{s:4:"file";s:20:"IMG_1555-350x350.jpg";s:5:"width";i:350;s:6:"height";i:350;s:9:"mime-type";s:10:"image/jpeg";}s:9:"blog-grid";a:4:{s:4:"file";s:20:"IMG_1555-500x375.jpg";s:5:"width";i:500;s:6:"height";i:375;s:9:"mime-type";s:10:"image/jpeg";}s:10:"blog-large";a:4:{s:4:"file";s:21:"IMG_1555-1140x600.jpg";s:5:"width";i:1140;s:6:"height";i:600;s:9:"mime-type";s:10:"image/jpeg";}s:14:"carousel-thumb";a:4:{s:4:"file";s:20:"IMG_1555-177x133.jpg";s:5:"width";i:177;s:6:"height";i:133;s:9:"mime-type";s:10:"image/jpeg";}s:10:"gallery-xs";a:4:{s:4:"file";s:20:"IMG_1555-114x114.jpg";s:5:"width";i:114;s:6:"height";i:114;s:9:"mime-type";s:10:"image/jpeg";}s:9:"gallery-s";a:4:{s:4:"file";s:20:"IMG_1555-190x190.jpg";s:5:"width";i:190;s:6:"height";i:190;s:9:"mime-type";s:10:"image/jpeg";}s:9:"gallery-m";a:4:{s:4:"file";s:20:"IMG_1555-228x228.jpg";s:5:"width";i:228;s:6:"height";i:228;s:9:"mime-type";s:10:"image/jpeg";}s:9:"gallery-l";a:4:{s:4:"file";s:20:"IMG_1555-285x285.jpg";s:5:"width";i:285;s:6:"height";i:285;s:9:"mime-type";s:10:"image/jpeg";}s:15:"gallery-masonry";a:4:{s:4:"file";s:20:"IMG_1555-500x375.jpg";s:5:"width";i:500;s:6:"height";i:375;s:9:"mime-type";s:10:"image/jpeg";}s:6:"member";a:4:{s:4:"file";s:20:"IMG_1555-350x350.jpg";s:5:"width";i:350;s:6:"height";i:350;s:9:"mime-type";s:10:"image/jpeg";}s:7:"blog-bg";a:4:{s:4:"file";s:20:"IMG_1555-508x381.jpg";s:5:"width";i:508;s:6:"height";i:381;s:9:"mime-type";s:10:"image/jpeg";}}s:10:"image_meta";a:10:{s:8:"aperture";d:2.399999999999999911182158029987476766109466552734375;s:6:"credit";s:0:"";s:6:"camera";s:9:"iPhone 4S";s:7:"caption";s:0:"";s:17:"created_timestamp";i:1395767894;s:9:"copyright";s:0:"";s:12:"focal_length";s:4:"4.28";s:3:"iso";s:2:"50";s:13:"shutter_speed";s:17:"0.000397930760048";s:5:"title";s:0:"";}}]]></wp:meta_value>
		</wp:postmeta>
	</item>
	<item>
				<title>IMG_1554</title>
		<link>http://spok-ed.com/?attachment_id=307</link>
		<pubDate>Tue, 25 Mar 2014 23:39:37 +0000</pubDate>
		<dc:creator><![CDATA[Vartan]]></dc:creator>
		<guid isPermaLink="false">http://spok-ed.com/wp-content/uploads/2013/11/IMG_1554.jpg</guid>
		<description></description>
		<content:encoded><![CDATA[]]></content:encoded>
		<excerpt:encoded><![CDATA[]]></excerpt:encoded>
		<wp:post_id>307</wp:post_id>
		<wp:post_date>2014-03-25 23:39:37</wp:post_date>
		<wp:post_date_gmt>2014-03-25 23:39:37</wp:post_date_gmt>
		<wp:comment_status>open</wp:comment_status>
		<wp:ping_status>open</wp:ping_status>
		<wp:post_name>img_1554</wp:post_name>
		<wp:status>inherit</wp:status>
		<wp:post_parent>9</wp:post_parent>
		<wp:menu_order>0</wp:menu_order>
		<wp:post_type>attachment</wp:post_type>
		<wp:post_password></wp:post_password>
		<wp:is_sticky>0</wp:is_sticky>
		<wp:attachment_url>http://spok-ed.com/wp-content/uploads/2013/11/IMG_1554.jpg</wp:attachment_url>
		<wp:postmeta>
			<wp:meta_key>_wp_attached_file</wp:meta_key>
			<wp:meta_value><![CDATA[2013/11/IMG_1554.jpg]]></wp:meta_value>
		</wp:postmeta>
		<wp:postmeta>
			<wp:meta_key>_wp_attachment_metadata</wp:meta_key>
			<wp:meta_value><![CDATA[a:5:{s:5:"width";i:3264;s:6:"height";i:2448;s:4:"file";s:20:"2013/11/IMG_1554.jpg";s:5:"sizes";a:20:{s:9:"thumbnail";a:4:{s:4:"file";s:20:"IMG_1554-150x150.jpg";s:5:"width";i:150;s:6:"height";i:150;s:9:"mime-type";s:10:"image/jpeg";}s:6:"medium";a:4:{s:4:"file";s:20:"IMG_1554-300x225.jpg";s:5:"width";i:300;s:6:"height";i:225;s:9:"mime-type";s:10:"image/jpeg";}s:5:"large";a:4:{s:4:"file";s:21:"IMG_1554-1024x768.jpg";s:5:"width";i:1024;s:6:"height";i:768;s:9:"mime-type";s:10:"image/jpeg";}s:14:"portfolio-list";a:4:{s:4:"file";s:20:"IMG_1554-570x380.jpg";s:5:"width";i:570;s:6:"height";i:380;s:9:"mime-type";s:10:"image/jpeg";}s:18:"portfolio-list-3-2";a:4:{s:4:"file";s:20:"IMG_1554-570x380.jpg";s:5:"width";i:570;s:6:"height";i:380;s:9:"mime-type";s:10:"image/jpeg";}s:18:"portfolio-list-4-3";a:4:{s:4:"file";s:20:"IMG_1554-570x428.jpg";s:5:"width";i:570;s:6:"height";i:428;s:9:"mime-type";s:10:"image/jpeg";}s:18:"portfolio-list-1-1";a:4:{s:4:"file";s:20:"IMG_1554-570x570.jpg";s:5:"width";i:570;s:6:"height";i:570;s:9:"mime-type";s:10:"image/jpeg";}s:18:"portfolio-list-2-3";a:4:{s:4:"file";s:20:"IMG_1554-380x570.jpg";s:5:"width";i:380;s:6:"height";i:570;s:9:"mime-type";s:10:"image/jpeg";}s:18:"portfolio-list-3-4";a:4:{s:4:"file";s:20:"IMG_1554-428x570.jpg";s:5:"width";i:428;s:6:"height";i:570;s:9:"mime-type";s:10:"image/jpeg";}s:10:"blog-small";a:4:{s:4:"file";s:20:"IMG_1554-350x350.jpg";s:5:"width";i:350;s:6:"height";i:350;s:9:"mime-type";s:10:"image/jpeg";}s:9:"blog-grid";a:4:{s:4:"file";s:20:"IMG_1554-500x375.jpg";s:5:"width";i:500;s:6:"height";i:375;s:9:"mime-type";s:10:"image/jpeg";}s:10:"blog-large";a:4:{s:4:"file";s:21:"IMG_1554-1140x600.jpg";s:5:"width";i:1140;s:6:"height";i:600;s:9:"mime-type";s:10:"image/jpeg";}s:14:"carousel-thumb";a:4:{s:4:"file";s:20:"IMG_1554-177x133.jpg";s:5:"width";i:177;s:6:"height";i:133;s:9:"mime-type";s:10:"image/jpeg";}s:10:"gallery-xs";a:4:{s:4:"file";s:20:"IMG_1554-114x114.jpg";s:5:"width";i:114;s:6:"height";i:114;s:9:"mime-type";s:10:"image/jpeg";}s:9:"gallery-s";a:4:{s:4:"file";s:20:"IMG_1554-190x190.jpg";s:5:"width";i:190;s:6:"height";i:190;s:9:"mime-type";s:10:"image/jpeg";}s:9:"gallery-m";a:4:{s:4:"file";s:20:"IMG_1554-228x228.jpg";s:5:"width";i:228;s:6:"height";i:228;s:9:"mime-type";s:10:"image/jpeg";}s:9:"gallery-l";a:4:{s:4:"file";s:20:"IMG_1554-285x285.jpg";s:5:"width";i:285;s:6:"height";i:285;s:9:"mime-type";s:10:"image/jpeg";}s:15:"gallery-masonry";a:4:{s:4:"file";s:20:"IMG_1554-500x375.jpg";s:5:"width";i:500;s:6:"height";i:375;s:9:"mime-type";s:10:"image/jpeg";}s:6:"member";a:4:{s:4:"file";s:20:"IMG_1554-350x350.jpg";s:5:"width";i:350;s:6:"height";i:350;s:9:"mime-type";s:10:"image/jpeg";}s:7:"blog-bg";a:4:{s:4:"file";s:20:"IMG_1554-508x381.jpg";s:5:"width";i:508;s:6:"height";i:381;s:9:"mime-type";s:10:"image/jpeg";}}s:10:"image_meta";a:10:{s:8:"aperture";d:2.399999999999999911182158029987476766109466552734375;s:6:"credit";s:0:"";s:6:"camera";s:9:"iPhone 4S";s:7:"caption";s:0:"";s:17:"created_timestamp";i:1395767891;s:9:"copyright";s:0:"";s:12:"focal_length";s:4:"4.28";s:3:"iso";s:2:"50";s:13:"shutter_speed";s:17:"0.000397930760048";s:5:"title";s:0:"";}}]]></wp:meta_value>
		</wp:postmeta>
	</item>
</channel>
</rss>